<?xml version="1.0" encoding="UTF-8"?>
<robot generator="Robot 4.1.3 (Python 3.8.9 on darwin)" generated="20220131 01:12:58.184" rpa="false" schemaversion="2">
<suite id="s1" name="Agoda" source="/Users/alanliew/Desktop/Robot/agoda.robot">
<test id="s1-t1" name="Testcase6-checkbox">
<kw name="Open Browser" library="SeleniumLibrary">
<arg>${url}</arg>
<arg>${browser}</arg>
<doc>Opens a new browser instance to the optional ``url``.</doc>
<msg timestamp="20220131 01:12:58.441" level="INFO">Opening browser 'chrome' to base url 'https://agoda.com'.</msg>
<status status="PASS" starttime="20220131 01:12:58.441" endtime="20220131 01:13:13.102"/>
</kw>
<kw name="Title Should Be" library="SeleniumLibrary">
<arg>Agoda Official Site | Free Cancellation &amp; Booking Deals | Over 2 Million Hotels</arg>
<doc>Verifies that the current page title equals ``title``.</doc>
<msg timestamp="20220131 01:13:13.176" level="INFO">Page title is 'Agoda Official Site | Free Cancellation &amp; Booking Deals | Over 2 Million Hotels'.</msg>
<status status="PASS" starttime="20220131 01:13:13.104" endtime="20220131 01:13:13.177"/>
</kw>
<kw name="Wait Until Element Is Visible" library="SeleniumLibrary">
<arg>xpath://*[@id="SearchBoxContainer"]/div[1]/div/div[2]/div/div/div[1]/div/div/input</arg>
<doc>Waits until the element ``locator`` is visible.</doc>
<status status="PASS" starttime="20220131 01:13:13.177" endtime="20220131 01:13:13.310"/>
</kw>
<kw name="Input Text" library="SeleniumLibrary">
<arg>xpath://*[@id="SearchBoxContainer"]/div[1]/div/div[2]/div/div/div[1]/div/div/input</arg>
<arg>kampar</arg>
<doc>Types the given ``text`` into the text field identified by ``locator``.</doc>
<msg timestamp="20220131 01:13:13.311" level="INFO">Typing text 'kampar' into text field 'xpath://*[@id="SearchBoxContainer"]/div[1]/div/div[2]/div/div/div[1]/div/div/input'.</msg>
<status status="PASS" starttime="20220131 01:13:13.311" endtime="20220131 01:13:13.630"/>
</kw>
<kw name="Click Button" library="SeleniumLibrary">
<arg>xpath://*[@id="SearchBoxContainer"]/div[2]/button</arg>
<doc>Clicks the button identified by ``locator``.</doc>
<msg timestamp="20220131 01:13:13.630" level="INFO">Clicking button 'xpath://*[@id="SearchBoxContainer"]/div[2]/button'.</msg>
<msg timestamp="20220131 01:13:14.811" level="INFO" html="true">&lt;/td&gt;&lt;/tr&gt;&lt;tr&gt;&lt;td colspan="3"&gt;&lt;a href="selenium-screenshot-1.png"&gt;&lt;img src="selenium-screenshot-1.png" width="800px"&gt;&lt;/a&gt;</msg>
<msg timestamp="20220131 01:13:14.818" level="FAIL">ElementNotInteractableException: Message: element not interactable
  (Session info: chrome=97.0.4692.99)
Stacktrace:
0   chromedriver                        0x0000000103430280 chromedriver + 4833920
1   chromedriver                        0x00000001033c4bf8 chromedriver + 4393976
2   chromedriver                        0x0000000102fbab54 chromedriver + 158548
3   chromedriver                        0x0000000102feb7ac chromedriver + 358316
4   chromedriver                        0x0000000102fe1310 chromedriver + 316176
5   chromedriver                        0x0000000102fe0d08 chromedriver + 314632
6   chromedriver                        0x0000000103014114 chromedriver + 524564
7   chromedriver                        0x0000000102fdf7e0 chromedriver + 309216
8   chromedriver                        0x00000001033f2828 chromedriver + 4581416
9   chromedriver                        0x0000000103407450 chromedriver + 4666448
10  chromedriver                        0x000000010340bd1c chromedriver + 4685084
11  chromedriver                        0x0000000103407c28 chromedriver + 4668456
12  chromedriver                        0x00000001033e8610 chromedriver + 4539920
13  chromedriver                        0x000000010342182c chromedriver + 4773932
14  chromedriver                        0x00000001034219a0 chromedriver + 4774304
15  chromedriver                        0x0000000103436e44 chromedriver + 4861508
16  libsystem_pthread.dylib             0x00000001a6a114ec _pthread_start + 148
17  libsystem_pthread.dylib             0x00000001a6a0c2d0 thread_start + 8
</msg>
<status status="FAIL" starttime="20220131 01:13:13.630" endtime="20220131 01:13:14.818"/>
</kw>
<kw name="Sleep" library="BuiltIn">
<arg>3</arg>
<doc>Pauses the test executed for the given time.</doc>
<status status="NOT RUN" starttime="20220131 01:13:14.819" endtime="20220131 01:13:14.819"/>
</kw>
<kw name="Wait Until Element Is Enabled" library="SeleniumLibrary">
<arg>xpath://*[@id="searchPageLeftColumn"]/div[2]/div[1]/div[2]/ul/li[3]/span</arg>
<doc>Waits until the element ``locator`` is enabled.</doc>
<status status="NOT RUN" starttime="20220131 01:13:14.819" endtime="20220131 01:13:14.819"/>
</kw>
<kw name="Click Element" library="SeleniumLibrary">
<arg>xpath://*[@id="searchPageLeftColumn"]/div[2]/div[1]/div[2]/ul/li[1]/span/span[2]/span/span</arg>
<doc>Click the element identified by ``locator``.</doc>
<status status="NOT RUN" starttime="20220131 01:13:14.819" endtime="20220131 01:13:14.819"/>
</kw>
<kw name="Close Browser" library="SeleniumLibrary">
<doc>Closes the current browser.</doc>
<status status="NOT RUN" starttime="20220131 01:13:14.820" endtime="20220131 01:13:14.820"/>
</kw>
<status status="FAIL" starttime="20220131 01:12:58.440" endtime="20220131 01:13:14.820">ElementNotInteractableException: Message: element not interactable
  (Session info: chrome=97.0.4692.99)
Stacktrace:
0   chromedriver                        0x0000000103430280 chromedriver + 4833920
1   chromedriver                        0x00000001033c4bf8 chromedriver + 4393976
2   chromedriver                        0x0000000102fbab54 chromedriver + 158548
3   chromedriver                        0x0000000102feb7ac chromedriver + 358316
4   chromedriver                        0x0000000102fe1310 chromedriver + 316176
5   chromedriver                        0x0000000102fe0d08 chromedriver + 314632
6   chromedriver                        0x0000000103014114 chromedriver + 524564
7   chromedriver                        0x0000000102fdf7e0 chromedriver + 309216
8   chromedriver                        0x00000001033f2828 chromedriver + 4581416
9   chromedriver                        0x0000000103407450 chromedriver + 4666448
10  chromedriver                        0x000000010340bd1c chromedriver + 4685084
11  chromedriver                        0x0000000103407c28 chromedriver + 4668456
12  chromedriver                        0x00000001033e8610 chromedriver + 4539920
13  chromedriver                        0x000000010342182c chromedriver + 4773932
14  chromedriver                        0x00000001034219a0 chromedriver + 4774304
15  chromedriver                        0x0000000103436e44 chromedriver + 4861508
16  libsystem_pthread.dylib             0x00000001a6a114ec _pthread_start + 148
17  libsystem_pthread.dylib             0x00000001a6a0c2d0 thread_start + 8
</status>
</test>
<status status="FAIL" starttime="20220131 01:12:58.191" endtime="20220131 01:13:14.829"/>
</suite>
<statistics>
<total>
<stat pass="0" fail="1" skip="0">All Tests</stat>
</total>
<tag>
</tag>
<suite>
<stat pass="0" fail="1" skip="0" id="s1" name="Agoda">Agoda</stat>
</suite>
</statistics>
<errors>
</errors>
</robot>
